<?xml version="1.0" encoding="UTF-8"?>
<testsuite name="JUnit5ExampleTest" tests="1" skipped="0" failures="0" errors="0" timestamp="2018-07-18T18:13:47" hostname="Jennifers-MacBook-Pro.local" time="0.011">
  <properties/>
  <testcase name="justAnExample()" classname="JUnit5ExampleTest" time="0.011"/>
  <system-out><![CDATA[This test method should be run
]]></system-out>
  <system-err><![CDATA[]]></system-err>
</testsuite>
